# JRE version: Java(TM) SE Runtime Environment (8.0_202-b08) (build 1.8.0_202-b08)
# Java VM: Java HotSpot(TM) 64-Bit Server VM (25.202-b08 mixed mode bsd-amd64 compressed oops)
Heap:
 PSYoungGen      total 67072K, used 10751K [0x000000076ab00000, 0x000000076fd00000, 0x00000007c0000000)
  eden space 57344K, 2% used [0x000000076ab00000,0x000000076ac23cb0,0x000000076e300000)
  from space 9728K, 98% used [0x000000076e400000,0x000000076ed5c090,0x000000076ed80000)
  to   space 13312K, 0% used [0x000000076f000000,0x000000076f000000,0x000000076fd00000)
 ParOldGen       total 75776K, used 14318K [0x00000006c0000000, 0x00000006c4a00000, 0x000000076ab00000)
  object space 75776K, 18% used [0x00000006c0000000,0x00000006c0dfb9a8,0x00000006c4a00000)
 Metaspace       used 23626K, capacity 23988K, committed 24240K, reserved 1071104K
  class space    used 2776K, capacity 2908K, committed 2992K, reserved 1048576K
GC Heap History (10 events):
Event: 375.194 GC heap before
{Heap before GC invocations=8 (full 1):
 PSYoungGen      total 74240K, used 72083K [0x000000076ab00000, 0x0000000770200000, 0x00000007c0000000)
  eden space 62464K, 100% used [0x000000076ab00000,0x000000076e800000,0x000000076e800000)
  from space 11776K, 81% used [0x000000076f680000,0x000000076ffe4dd0,0x0000000770200000)
  to   space 13312K, 0% used [0x000000076e800000,0x000000076e800000,0x000000076f500000)
 ParOldGen       total 75776K, used 12282K [0x00000006c0000000, 0x00000006c4a00000, 0x000000076ab00000)
  object space 75776K, 16% used [0x00000006c0000000,0x00000006c0bfe978,0x00000006c4a00000)
 Metaspace       used 23469K, capacity 23852K, committed 23984K, reserved 1071104K
  class space    used 2776K, capacity 2908K, committed 2992K, reserved 1048576K
Event: 375.291 GC heap after
Heap after GC invocations=8 (full 1):
 PSYoungGen      total 71168K, used 9716K [0x000000076ab00000, 0x0000000770000000, 0x00000007c0000000)
  eden space 61440K, 0% used [0x000000076ab00000,0x000000076ab00000,0x000000076e700000)
  from space 9728K, 99% used [0x000000076e800000,0x000000076f17d120,0x000000076f180000)
  to   space 12800K, 0% used [0x000000076f380000,0x000000076f380000,0x0000000770000000)
 ParOldGen       total 75776K, used 12290K [0x00000006c0000000, 0x00000006c4a00000, 0x000000076ab00000)
  object space 75776K, 16% used [0x00000006c0000000,0x00000006c0c00978,0x00000006c4a00000)
 Metaspace       used 23469K, capacity 23852K, committed 23984K, reserved 1071104K
  class space    used 2776K, capacity 2908K, committed 2992K, reserved 1048576K
}
Event: 440.098 GC heap before
{Heap before GC invocations=9 (full 1):
 PSYoungGen      total 71168K, used 71156K [0x000000076ab00000, 0x0000000770000000, 0x00000007c0000000)
  eden space 61440K, 100% used [0x000000076ab00000,0x000000076e700000,0x000000076e700000)
  from space 9728K, 99% used [0x000000076e800000,0x000000076f17d120,0x000000076f180000)
  to   space 12800K, 0% used [0x000000076f380000,0x000000076f380000,0x0000000770000000)
 ParOldGen       total 75776K, used 12668K [0x00000006c0000000, 0x00000006c4a00000, 0x000000076ab00000)
  object space 75776K, 16% used [0x00000006c0000000,0x00000006c0c5f2f8,0x00000006c4a00000)
 Metaspace       used 23470K, capacity 23852K, committed 23984K, reserved 1071104K
  class space    used 2776K, capacity 2908K, committed 2992K, reserved 1048576K
Event: 440.182 GC heap after
Heap after GC invocations=9 (full 1):
 PSYoungGen      total 73216K, used 12714K [0x000000076ab00000, 0x0000000770100000, 0x00000007c0000000)
  eden space 60416K, 0% used [0x000000076ab00000,0x000000076ab00000,0x000000076e600000)
  from space 12800K, 99% used [0x000000076f380000,0x000000076ffea9e0,0x0000000770000000)
  to   space 13824K, 0% used [0x000000076e600000,0x000000076e600000,0x000000076f380000)
 ParOldGen       total 75776K, used 14190K [0x00000006c0000000, 0x00000006c4a00000, 0x000000076ab00000)
  object space 75776K, 18% used [0x00000006c0000000,0x00000006c0ddb8f8,0x00000006c4a00000)
 Metaspace       used 23470K, capacity 23852K, committed 23984K, reserved 1071104K
  class space    used 2776K, capacity 2908K, committed 2992K, reserved 1048576K
}
Event: 519.446 GC heap before
{Heap before GC invocations=10 (full 1):
 PSYoungGen      total 73216K, used 73130K [0x000000076ab00000, 0x0000000770100000, 0x00000007c0000000)
  eden space 60416K, 100% used [0x000000076ab00000,0x000000076e600000,0x000000076e600000)
  from space 12800K, 99% used [0x000000076f380000,0x000000076ffea9e0,0x0000000770000000)
  to   space 13824K, 0% used [0x000000076e600000,0x000000076e600000,0x000000076f380000)
 ParOldGen       total 75776K, used 14225K [0x00000006c0000000, 0x00000006c4a00000, 0x000000076ab00000)
  object space 75776K, 18% used [0x00000006c0000000,0x00000006c0de47a0,0x00000006c4a00000)
 Metaspace       used 23556K, capacity 23916K, committed 24240K, reserved 1071104K
  class space    used 2776K, capacity 2908K, committed 2992K, reserved 1048576K
Event: 519.641 GC heap after
Heap after GC invocations=10 (full 1):
 PSYoungGen      total 69632K, used 9754K [0x000000076ab00000, 0x000000076ff00000, 0x00000007c0000000)
  eden space 59392K, 0% used [0x000000076ab00000,0x000000076ab00000,0x000000076e500000)
  from space 10240K, 95% used [0x000000076e600000,0x000000076ef86b20,0x000000076f000000)
  to   space 13312K, 0% used [0x000000076f200000,0x000000076f200000,0x000000076ff00000)
 ParOldGen       total 75776K, used 14233K [0x00000006c0000000, 0x00000006c4a00000, 0x000000076ab00000)
  object space 75776K, 18% used [0x00000006c0000000,0x00000006c0de67a0,0x00000006c4a00000)
 Metaspace       used 23556K, capacity 23916K, committed 24240K, reserved 1071104K
  class space    used 2776K, capacity 2908K, committed 2992K, reserved 1048576K
}
Event: 598.230 GC heap before
{Heap before GC invocations=11 (full 1):
 PSYoungGen      total 69632K, used 69146K [0x000000076ab00000, 0x000000076ff00000, 0x00000007c0000000)
  eden space 59392K, 100% used [0x000000076ab00000,0x000000076e500000,0x000000076e500000)
  from space 10240K, 95% used [0x000000076e600000,0x000000076ef86b20,0x000000076f000000)
  to   space 13312K, 0% used [0x000000076f200000,0x000000076f200000,0x000000076ff00000)
 ParOldGen       total 75776K, used 14233K [0x00000006c0000000, 0x00000006c4a00000, 0x000000076ab00000)
  object space 75776K, 18% used [0x00000006c0000000,0x00000006c0de67c0,0x00000006c4a00000)
 Metaspace       used 23610K, capacity 23980K, committed 24240K, reserved 1071104K
  class space    used 2776K, capacity 2908K, committed 2992K, reserved 1048576K
Event: 599.849 GC heap after
Heap after GC invocations=11 (full 1):
 PSYoungGen      total 70656K, used 9813K [0x000000076ab00000, 0x000000076fe00000, 0x00000007c0000000)
  eden space 58368K, 0% used [0x000000076ab00000,0x000000076ab00000,0x000000076e400000)
  from space 12288K, 79% used [0x000000076f200000,0x000000076fb957c0,0x000000076fe00000)
  to   space 13312K, 0% used [0x000000076e400000,0x000000076e400000,0x000000076f100000)
 ParOldGen       total 75776K, used 14241K [0x00000006c0000000, 0x00000006c4a00000, 0x000000076ab00000)
  object space 75776K, 18% used [0x00000006c0000000,0x00000006c0de87c0,0x00000006c4a00000)
 Metaspace       used 23610K, capacity 23980K, committed 24240K, reserved 1071104K
  class space    used 2776K, capacity 2908K, committed 2992K, reserved 1048576K
}
Event: 681.097 GC heap before
{Heap before GC invocations=12 (full 1):
 PSYoungGen      total 70656K, used 68181K [0x000000076ab00000, 0x000000076fe00000, 0x00000007c0000000)
  eden space 58368K, 100% used [0x000000076ab00000,0x000000076e400000,0x000000076e400000)
  from space 12288K, 79% used [0x000000076f200000,0x000000076fb957c0,0x000000076fe00000)
  to   space 13312K, 0% used [0x000000076e400000,0x000000076e400000,0x000000076f100000)
 ParOldGen       total 75776K, used 14310K [0x00000006c0000000, 0x00000006c4a00000, 0x000000076ab00000)
  object space 75776K, 18% used [0x00000006c0000000,0x00000006c0df99a8,0x00000006c4a00000)
 Metaspace       used 23626K, capacity 23988K, committed 24240K, reserved 1071104K
  class space    used 2776K, capacity 2908K, committed 2992K, reserved 1048576K
Event: 681.393 GC heap after
Heap after GC invocations=12 (full 1):
 PSYoungGen      total 67072K, used 9584K [0x000000076ab00000, 0x000000076fd00000, 0x00000007c0000000)
  eden space 57344K, 0% used [0x000000076ab00000,0x000000076ab00000,0x000000076e300000)
  from space 9728K, 98% used [0x000000076e400000,0x000000076ed5c090,0x000000076ed80000)
  to   space 13312K, 0% used [0x000000076f000000,0x000000076f000000,0x000000076fd00000)
 ParOldGen       total 75776K, used 14318K [0x00000006c0000000, 0x00000006c4a00000, 0x000000076ab00000)
  object space 75776K, 18% used [0x00000006c0000000,0x00000006c0dfb9a8,0x00000006c4a00000)
 Metaspace       used 23626K, capacity 23988K, committed 24240K, reserved 1071104K
  class space    used 2776K, capacity 2908K, committed 2992K, reserved 1048576K
}

